c:\users\pg29kiran\documents\gameengine\enginexforstudent\outgame\vc143.pdb
c:\users\pg29kiran\documents\gameengine\enginexforstudent\outgame\vc143.idb
c:\users\pg29kiran\documents\gameengine\enginexforstudent\outgame\pipespawner.obj
c:\users\pg29kiran\documents\gameengine\enginexforstudent\outgame\gamemanagersystem.obj
c:\users\pg29kiran\documents\gameengine\enginexforstudent\outgame\circlecollidercomponent.obj
c:\users\pg29kiran\documents\gameengine\enginexforstudent\outgame\box.obj
c:\users\pg29kiran\documents\gameengine\enginexforstudent\outgame\physicscomponent.obj
c:\users\pg29kiran\documents\gameengine\enginexforstudent\outgame\circlerendercomponent.obj
c:\users\pg29kiran\documents\gameengine\enginexforstudent\outgame\rendercomponent.obj
c:\users\pg29kiran\documents\gameengine\enginexforstudent\outgame\transformcomponent.obj
c:\users\pg29kiran\documents\gameengine\enginexforstudent\outgame\main.obj
c:\users\pg29kiran\documents\gameengine\enginexforstudent\outgame\game.obj
c:\users\pg29kiran\documents\gameengine\enginexforstudent\outgame\textrendercomponent.obj
c:\users\pg29kiran\documents\gameengine\enginexforstudent\outgame\linerendercomponent.obj
c:\users\pg29kiran\documents\gameengine\enginexforstudent\outgame\boxrendercomponent.obj
c:\users\pg29kiran\documents\gameengine\enginexforstudent\outgame\boxcollidercomponent.obj
c:\users\pg29kiran\documents\gameengine\enginexforstudent\outgame\component.obj
c:\users\pg29kiran\documents\gameengine\enginexforstudent\outgame\text.obj
c:\users\pg29kiran\documents\gameengine\enginexforstudent\outgame\line.obj
c:\users\pg29kiran\documents\gameengine\enginexforstudent\outgame\bottompipesection.obj
c:\users\pg29kiran\documents\gameengine\enginexforstudent\outgame\ball.obj
c:\users\pg29kiran\documents\gameengine\enginexforstudent\outgame\actor.obj
c:\users\pg29kiran\documents\gameengine\enginexforstudent\outgame\physicssystem.obj
c:\users\pg29kiran\documents\gameengine\enginexforstudent\outgame\pipe.obj
c:\users\pg29kiran\documents\gameengine\enginexforstudent\outgame\toppipesection.obj
c:\users\pg29kiran\documents\gameengine\enginexforstudent\outgame\boxtrigger.obj
c:\users\pg29kiran\documents\gameengine\enginexforstudent\outgame\rendersystem.obj
c:\users\pg29kiran\documents\gameengine\enginexforstudent\outgame\transformcomponent.h.ifc
c:\users\pg29kiran\documents\gameengine\enginexforstudent\outgame\transformcomponent.h.ifc.d.json
c:\users\pg29kiran\documents\gameengine\enginexforstudent\outgame\transformcomponent.h.obj
c:\users\pg29kiran\documents\gameengine\enginexforstudent\outgame\pipespawner.h.ifc
c:\users\pg29kiran\documents\gameengine\enginexforstudent\outgame\pipespawner.h.ifc.d.json
c:\users\pg29kiran\documents\gameengine\enginexforstudent\outgame\pipespawner.h.obj
c:\users\pg29kiran\documents\gameengine\enginexforstudent\outgame\textrendercomponent.h.ifc
c:\users\pg29kiran\documents\gameengine\enginexforstudent\outgame\textrendercomponent.h.ifc.d.json
c:\users\pg29kiran\documents\gameengine\enginexforstudent\outgame\textrendercomponent.h.obj
c:\users\pg29kiran\documents\gameengine\enginexforstudent\outgame\bird.obj
c:\users\pg29kiran\documents\gameengine\enginexforstudent\build\gameenginexd.exe
c:\users\pg29kiran\documents\gameengine\enginexforstudent\build\gameenginexd.pdb
c:\users\pg29kiran\documents\gameengine\enginexforstudent\outgame\transformcomponent.h.module.json
c:\users\kiran\vfs 2025\term 3\advanced oop in c++\a4 - arcade game\gameengine\enginexforstudent\outgame\transformcomponent.h.module.json
c:\users\kiran\vfs 2025\term 3\advanced oop in c++\a4 - arcade game\gameengine\enginexforstudent\outgame\textrendercomponent.h.module.json
c:\users\25847\onedrive\desktop\enginexforstudent\outgame\transformcomponent.h.module.json
c:\users\25847\onedrive\desktop\enginexforstudent\outgame\textrendercomponent.h.module.json
c:\users\25847\onedrive\desktop\engine\gameengine\enginexforstudent\outgame\textrendercomponent.h.module.json
c:\users\25847\onedrive\desktop\engine\gameengine\enginexforstudent\outgame\transformcomponent.h.module.json
c:\users\public\repos\gameengine\enginexforstudent\outgame\textrendercomponent.h.module.json
c:\users\public\repos\gameengine\enginexforstudent\outgame\transformcomponent.h.module.json
c:\users\public\repos\gameengine\enginexforstudent\outgame\pipespawner.h.module.json
c:\users\pg29kiran\documents\gameengine\enginexforstudent\outgame\textrendercomponent.h.module.json
c:\users\pg29kiran\documents\gameengine\enginexforstudent\outgame\pipespawner.h.module.json
c:\users\pg29kiran\documents\gameengine\enginexforstudent\outgame\gameenginexd.ilk
c:\users\pg29kiran\documents\gameengine\enginexforstudent\outgame\componet.obj
c:\users\pg29kiran\documents\gameengine\enginexforstudent\outgame\gameenginex.tlog\cl.command.1.tlog
c:\users\pg29kiran\documents\gameengine\enginexforstudent\outgame\gameenginex.tlog\cl.items.tlog
c:\users\pg29kiran\documents\gameengine\enginexforstudent\outgame\gameenginex.tlog\cl.read.1.tlog
c:\users\pg29kiran\documents\gameengine\enginexforstudent\outgame\gameenginex.tlog\cl.write.1.tlog
c:\users\pg29kiran\documents\gameengine\enginexforstudent\outgame\gameenginex.tlog\link.command.1.tlog
c:\users\pg29kiran\documents\gameengine\enginexforstudent\outgame\gameenginex.tlog\link.read.1.tlog
c:\users\pg29kiran\documents\gameengine\enginexforstudent\outgame\gameenginex.tlog\link.secondary.1.tlog
c:\users\pg29kiran\documents\gameengine\enginexforstudent\outgame\gameenginex.tlog\link.write.1.tlog
c:\users\pg29kiran\documents\gameengine\enginexforstudent\outgame\gameenginex_md.tlog\cl.command.1.tlog
c:\users\pg29kiran\documents\gameengine\enginexforstudent\outgame\gameenginex_md.tlog\microsoft.build.cpptasks.cl.read.1.tlog
c:\users\pg29kiran\documents\gameengine\enginexforstudent\outgame\gameenginex_md.tlog\microsoft.build.cpptasks.cl.write.1.tlog
